SF:lib\app\role_validation_middleware.dart
DA:8,1
DA:11,1
DA:12,3
DA:20,0
DA:23,0
DA:26,0
LF:6
LH:3
end_of_record
SF:lib\features\auth\model\user.dart
DA:9,2
DA:17,1
DA:21,2
DA:23,0
DA:24,0
DA:25,0
DA:26,0
DA:28,0
DA:29,0
DA:30,0
LF:10
LH:3
end_of_record
SF:lib\features\auth\login_page.dart
DA:8,0
DA:10,0
DA:13,3
DA:16,0
DA:18,0
DA:19,0
DA:26,0
DA:28,0
DA:31,0
DA:32,0
DA:33,0
DA:34,0
DA:35,0
DA:36,0
DA:37,0
DA:38,0
DA:43,0
DA:44,0
DA:45,0
DA:47,0
DA:48,0
DA:49,0
DA:50,0
DA:51,0
DA:53,0
DA:54,0
DA:55,0
DA:58,0
DA:59,0
DA:60,0
DA:61,0
DA:62,0
DA:64,0
DA:65,0
DA:66,0
DA:67,0
DA:71,0
DA:72,0
DA:73,0
DA:74,0
DA:75,0
DA:76,0
DA:79,0
DA:80,0
DA:81,0
DA:84,0
DA:85,0
DA:89,0
LF:48
LH:1
end_of_record
SF:lib\features\auth\domain\usecases\login_usecase.dart
DA:6,0
DA:8,0
DA:9,0
LF:3
LH:0
end_of_record
SF:lib\features\auth\presentation\viewmodel\login_view_model.dart
DA:14,0
DA:16,0
DA:18,0
DA:19,0
DA:20,0
DA:21,0
DA:23,0
DA:24,0
DA:26,0
DA:27,0
DA:29,0
DA:32,0
DA:33,0
LF:13
LH:0
end_of_record
